[debug] [2020-07-30T17:30:05.750Z] ----------------------------------------------------------------------
[debug] [2020-07-30T17:30:05.753Z] Command:       /home/prakash/.nvm/versions/node/v14.5.0/bin/node /home/prakash/.nvm/versions/node/v14.5.0/bin/firebase deploy --only functions
[debug] [2020-07-30T17:30:05.753Z] CLI Version:   8.6.0
[debug] [2020-07-30T17:30:05.753Z] Platform:      linux
[debug] [2020-07-30T17:30:05.753Z] Node Version:  v14.5.0
[debug] [2020-07-30T17:30:05.754Z] Time:          Thu Jul 30 2020 23:00:05 GMT+0530 (India Standard Time)
[debug] [2020-07-30T17:30:05.754Z] ----------------------------------------------------------------------
[debug] [2020-07-30T17:30:05.754Z] 
[debug] [2020-07-30T17:30:05.775Z] > command requires scopes: ["email","openid","https://www.googleapis.com/auth/cloudplatformprojects.readonly","https://www.googleapis.com/auth/firebase","https://www.googleapis.com/auth/cloud-platform"]
[debug] [2020-07-30T17:30:05.776Z] > authorizing via signed-in user
[debug] [2020-07-30T17:30:05.776Z] [iam] checking project itsjigyasume for permissions ["cloudfunctions.functions.create","cloudfunctions.functions.delete","cloudfunctions.functions.get","cloudfunctions.functions.list","cloudfunctions.functions.update","cloudfunctions.operations.get","firebase.projects.get"]
[debug] [2020-07-30T17:30:05.783Z] >>> HTTP REQUEST POST https://cloudresourcemanager.googleapis.com/v1/projects/itsjigyasume:testIamPermissions  
 {"permissions":["cloudfunctions.functions.create","cloudfunctions.functions.delete","cloudfunctions.functions.get","cloudfunctions.functions.list","cloudfunctions.functions.update","cloudfunctions.operations.get","firebase.projects.get"]}
[debug] [2020-07-30T17:30:07.551Z] <<< HTTP RESPONSE 200 {"content-type":"application/json; charset=UTF-8","vary":"X-Origin, Referer, Origin,Accept-Encoding","date":"Thu, 30 Jul 2020 17:30:09 GMT","server":"ESF","cache-control":"private","x-xss-protection":"0","x-frame-options":"SAMEORIGIN","x-content-type-options":"nosniff","server-timing":"gfet4t7; dur=1311","alt-svc":"h3-29=\":443\"; ma=2592000,h3-27=\":443\"; ma=2592000,h3-T050=\":443\"; ma=2592000,h3-Q050=\":443\"; ma=2592000,h3-Q046=\":443\"; ma=2592000,h3-Q043=\":443\"; ma=2592000,quic=\":443\"; ma=2592000; v=\"46,43\"","accept-ranges":"none","transfer-encoding":"chunked"}
[debug] [2020-07-30T17:30:07.553Z] >>> HTTP REQUEST POST https://iam.googleapis.com/v1/projects/itsjigyasume/serviceAccounts/itsjigyasume@appspot.gserviceaccount.com:testIamPermissions  
 {"permissions":["iam.serviceAccounts.actAs"]}
[debug] [2020-07-30T17:30:09.363Z] <<< HTTP RESPONSE 200 {"content-type":"application/json; charset=UTF-8","vary":"X-Origin, Referer, Origin,Accept-Encoding","date":"Thu, 30 Jul 2020 17:30:11 GMT","server":"ESF","cache-control":"private","x-xss-protection":"0","x-frame-options":"SAMEORIGIN","x-content-type-options":"nosniff","alt-svc":"h3-29=\":443\"; ma=2592000,h3-27=\":443\"; ma=2592000,h3-T050=\":443\"; ma=2592000,h3-Q050=\":443\"; ma=2592000,h3-Q046=\":443\"; ma=2592000,h3-Q043=\":443\"; ma=2592000,quic=\":443\"; ma=2592000; v=\"46,43\"","accept-ranges":"none","transfer-encoding":"chunked"}
[warn] ⚠  functions: package.json indicates an outdated version of firebase-functions.
Please upgrade using npm install --save firebase-functions@latest in your functions directory. 
[info] 
[info] === Deploying to 'itsjigyasume'...
[info] 
[info] i  deploying functions 
[info] Running command: npm --prefix "$RESOURCE_DIR" run lint
